Connecting to database specified by database.yml
  [1m[36m (0.9ms)[0m  [1mSELECT "schema_migrations"."version" FROM "schema_migrations" [0m
Migrating to CreateMovies (20111119180638)
  [1m[35m (0.1ms)[0m  select sqlite_version(*)
  [1m[36m (0.1ms)[0m  [1mSELECT "schema_migrations"."version" FROM "schema_migrations" [0m
Connecting to database specified by database.yml
  [1m[36m (1.1ms)[0m  [1mSELECT "schema_migrations"."version" FROM "schema_migrations" [0m
  [1m[35m (0.2ms)[0m  select sqlite_version(*)
  [1m[36m (56.1ms)[0m  [1mCREATE TABLE "movies" ("id" INTEGER PRIMARY KEY AUTOINCREMENT NOT NULL, "title" varchar(255), "rating" varchar(255), "description" text, "release_date" datetime, "created_at" datetime, "updated_at" datetime) [0m
  [1m[35m (8.5ms)[0m  CREATE TABLE "schema_migrations" ("version" varchar(255) NOT NULL) 
  [1m[36m (8.3ms)[0m  [1mCREATE UNIQUE INDEX "unique_schema_migrations" ON "schema_migrations" ("version")[0m
  [1m[35m (0.1ms)[0m  SELECT version FROM "schema_migrations"
  [1m[36m (10.1ms)[0m  [1mINSERT INTO "schema_migrations" (version) VALUES ('20120130161449')[0m
  [1m[35m (11.3ms)[0m  INSERT INTO "schema_migrations" (version) VALUES ('20111119180638')
Connecting to database specified by database.yml
  [1m[36m (20.0ms)[0m  [1mSELECT "schema_migrations"."version" FROM "schema_migrations" [0m
  [1m[35m (0.2ms)[0m  select sqlite_version(*)
  [1m[36m (17.7ms)[0m  [1mCREATE TABLE "movies" ("id" INTEGER PRIMARY KEY AUTOINCREMENT NOT NULL, "title" varchar(255), "rating" varchar(255), "description" text, "release_date" datetime, "created_at" datetime, "updated_at" datetime) [0m
  [1m[35m (9.8ms)[0m  CREATE TABLE "schema_migrations" ("version" varchar(255) NOT NULL) 
  [1m[36m (9.3ms)[0m  [1mCREATE UNIQUE INDEX "unique_schema_migrations" ON "schema_migrations" ("version")[0m
  [1m[35m (0.0ms)[0m  SELECT version FROM "schema_migrations"
  [1m[36m (8.1ms)[0m  [1mINSERT INTO "schema_migrations" (version) VALUES ('20120130161449')[0m
  [1m[35m (9.5ms)[0m  INSERT INTO "schema_migrations" (version) VALUES ('20111119180638')
Connecting to database specified by database.yml
  [1m[36m (19.7ms)[0m  [1mSELECT "schema_migrations"."version" FROM "schema_migrations" [0m
  [1m[35m (0.2ms)[0m  select sqlite_version(*)
  [1m[36m (14.5ms)[0m  [1mCREATE TABLE "movies" ("id" INTEGER PRIMARY KEY AUTOINCREMENT NOT NULL, "title" varchar(255), "rating" varchar(255), "description" text, "release_date" datetime, "created_at" datetime, "updated_at" datetime) [0m
  [1m[35m (8.0ms)[0m  CREATE TABLE "schema_migrations" ("version" varchar(255) NOT NULL) 
  [1m[36m (8.8ms)[0m  [1mCREATE UNIQUE INDEX "unique_schema_migrations" ON "schema_migrations" ("version")[0m
  [1m[35m (0.0ms)[0m  SELECT version FROM "schema_migrations"
  [1m[36m (9.7ms)[0m  [1mINSERT INTO "schema_migrations" (version) VALUES ('20120130161449')[0m
  [1m[35m (9.8ms)[0m  INSERT INTO "schema_migrations" (version) VALUES ('20111119180638')


Started GET "/movies" for 127.0.0.1 at 2014-09-18 15:11:53 -0300
Connecting to database specified by database.yml
Processing by MoviesController#index as HTML
  [1m[36mMovie Load (0.3ms)[0m  [1mSELECT "movies".* FROM "movies" WHERE "movies"."rating" IN ('G', 'PG', 'PG-13', 'NC-17', 'R')[0m
  Rendered movies/index.html.haml within layouts/application (14.8ms)
Compiled application.css  (0ms)  (pid 30574)
Compiled jquery.js  (22ms)  (pid 30574)
Compiled jquery_ujs.js  (0ms)  (pid 30574)
Compiled application.js  (33ms)  (pid 30574)
Completed 200 OK in 180.4ms (Views: 116.2ms | ActiveRecord: 2.2ms)


Started GET "/assets/application.css?body=1" for 127.0.0.1 at 2014-09-18 15:11:54 -0300
Served asset /application.css - 200 OK (1ms)


Started GET "/assets/jquery.js?body=1" for 127.0.0.1 at 2014-09-18 15:11:54 -0300
Served asset /jquery.js - 200 OK (2ms)


Started GET "/assets/jquery_ujs.js?body=1" for 127.0.0.1 at 2014-09-18 15:11:54 -0300
Served asset /jquery_ujs.js - 200 OK (1ms)


Started GET "/assets/application.js?body=1" for 127.0.0.1 at 2014-09-18 15:11:54 -0300
Served asset /application.js - 200 OK (5ms)


Started GET "/movies?utf8=%E2%9C%93&ratings%5BG%5D=1&ratings%5BPG%5D=1&ratings%5BPG-13%5D=1&ratings%5BR%5D=1&commit=Refresh" for 127.0.0.1 at 2014-09-18 15:11:57 -0300
Processing by MoviesController#index as HTML
  Parameters: {"utf8"=>"✓", "ratings"=>{"G"=>"1", "PG"=>"1", "PG-13"=>"1", "R"=>"1"}, "commit"=>"Refresh"}
Redirected to http://localhost:3000/movies?ratings%5BG%5D=1&ratings%5BPG%5D=1&ratings%5BPG-13%5D=1&ratings%5BR%5D=1
Completed 302 Found in 0.8ms (ActiveRecord: 0.0ms)


Started GET "/movies?ratings%5BG%5D=1&ratings%5BPG%5D=1&ratings%5BPG-13%5D=1&ratings%5BR%5D=1" for 127.0.0.1 at 2014-09-18 15:11:57 -0300
Processing by MoviesController#index as HTML
  Parameters: {"ratings"=>{"G"=>"1", "PG"=>"1", "PG-13"=>"1", "R"=>"1"}}
  [1m[35mMovie Load (0.2ms)[0m  SELECT "movies".* FROM "movies" WHERE "movies"."rating" IN ('G', 'PG', 'PG-13', 'R')
  Rendered movies/index.html.haml within layouts/application (8.0ms)
Completed 200 OK in 11.4ms (Views: 10.0ms | ActiveRecord: 0.2ms)


Started GET "/movies?utf8=%E2%9C%93&ratings%5BPG-13%5D=1&ratings%5BR%5D=1&commit=Refresh" for 127.0.0.1 at 2014-09-18 15:12:01 -0300
Processing by MoviesController#index as HTML
  Parameters: {"utf8"=>"✓", "ratings"=>{"PG-13"=>"1", "R"=>"1"}, "commit"=>"Refresh"}
Redirected to http://localhost:3000/movies?ratings%5BPG-13%5D=1&ratings%5BR%5D=1
Completed 302 Found in 0.5ms (ActiveRecord: 0.0ms)


Started GET "/movies?ratings%5BPG-13%5D=1&ratings%5BR%5D=1" for 127.0.0.1 at 2014-09-18 15:12:01 -0300
Processing by MoviesController#index as HTML
  Parameters: {"ratings"=>{"PG-13"=>"1", "R"=>"1"}}
  [1m[36mMovie Load (0.2ms)[0m  [1mSELECT "movies".* FROM "movies" WHERE "movies"."rating" IN ('PG-13', 'R')[0m
  Rendered movies/index.html.haml within layouts/application (8.5ms)
Completed 200 OK in 12.1ms (Views: 11.0ms | ActiveRecord: 0.2ms)
Connecting to database specified by database.yml
Connecting to database specified by database.yml
  [1m[36m (1.2ms)[0m  [1mSELECT "schema_migrations"."version" FROM "schema_migrations" [0m
Connecting to database specified by database.yml
  [1m[36m (1.1ms)[0m  [1mSELECT "schema_migrations"."version" FROM "schema_migrations" [0m
Migrating to CreateMovies (20111119180638)
Migrating to AddDirectorToMovie (20140918181745)
  [1m[35m (0.0ms)[0m  select sqlite_version(*)
  [1m[36m (0.0ms)[0m  [1mbegin transaction[0m
  [1m[35m (0.0ms)[0m  rollback transaction
Connecting to database specified by database.yml
Connecting to database specified by database.yml
  [1m[36m (1.1ms)[0m  [1mSELECT "schema_migrations"."version" FROM "schema_migrations" [0m
Migrating to CreateMovies (20111119180638)
Migrating to AddDirectorToMovie (20140918182536)
  [1m[35m (0.0ms)[0m  select sqlite_version(*)
  [1m[36m (0.0ms)[0m  [1mbegin transaction[0m
  [1m[35m (0.4ms)[0m  ALTER TABLE "movies" ADD "director" varchar(255)
  [1m[36m (0.2ms)[0m  [1mINSERT INTO "schema_migrations" ("version") VALUES ('20140918182536')[0m
  [1m[35m (38.0ms)[0m  commit transaction
  [1m[36m (0.1ms)[0m  [1mSELECT "schema_migrations"."version" FROM "schema_migrations" [0m


Started GET "/movies" for 127.0.0.1 at 2014-09-18 15:26:24 -0300
Connecting to database specified by database.yml
Processing by MoviesController#index as HTML
  [1m[36mMovie Load (0.3ms)[0m  [1mSELECT "movies".* FROM "movies" WHERE "movies"."rating" IN ('G', 'PG', 'PG-13', 'NC-17', 'R')[0m
  Rendered movies/index.html.haml within layouts/application (12.6ms)
Completed 200 OK in 111.8ms (Views: 48.7ms | ActiveRecord: 1.9ms)


Started GET "/assets/application.css?body=1" for 127.0.0.1 at 2014-09-18 15:26:25 -0300
Served asset /application.css - 304 Not Modified (1ms)


Started GET "/assets/jquery.js?body=1" for 127.0.0.1 at 2014-09-18 15:26:25 -0300
Served asset /jquery.js - 304 Not Modified (16ms)


Started GET "/assets/jquery_ujs.js?body=1" for 127.0.0.1 at 2014-09-18 15:26:25 -0300
Served asset /jquery_ujs.js - 304 Not Modified (1ms)


Started GET "/assets/application.js?body=1" for 127.0.0.1 at 2014-09-18 15:26:25 -0300
Served asset /application.js - 304 Not Modified (66ms)


Started GET "/movies/5" for 127.0.0.1 at 2014-09-18 15:26:26 -0300
Processing by MoviesController#show as HTML
  Parameters: {"id"=>"5"}
  [1m[35mMovie Load (0.2ms)[0m  SELECT "movies".* FROM "movies" WHERE "movies"."id" = ? LIMIT 1  [["id", "5"]]
  Rendered movies/show.html.haml within layouts/application (4.4ms)
Completed 200 OK in 8.3ms (Views: 6.9ms | ActiveRecord: 0.2ms)


Started GET "/assets/application.css?body=1" for 127.0.0.1 at 2014-09-18 15:26:26 -0300
Served asset /application.css - 304 Not Modified (0ms)


Started GET "/assets/jquery.js?body=1" for 127.0.0.1 at 2014-09-18 15:26:26 -0300
Served asset /jquery.js - 304 Not Modified (0ms)


Started GET "/assets/application.js?body=1" for 127.0.0.1 at 2014-09-18 15:26:26 -0300
Served asset /application.js - 304 Not Modified (5ms)


Started GET "/assets/jquery_ujs.js?body=1" for 127.0.0.1 at 2014-09-18 15:26:26 -0300
Served asset /jquery_ujs.js - 304 Not Modified (0ms)


Started GET "/movies/11" for 127.0.0.1 at 2014-09-18 15:26:34 -0300
Processing by MoviesController#show as HTML
  Parameters: {"id"=>"11"}
  [1m[36mMovie Load (0.1ms)[0m  [1mSELECT "movies".* FROM "movies" WHERE "movies"."id" = ? LIMIT 1[0m  [["id", "11"]]
  Rendered movies/show.html.haml within layouts/application (3.3ms)
Completed 200 OK in 8.2ms (Views: 7.5ms | ActiveRecord: 0.1ms)


Started GET "/assets/application.css?body=1" for 127.0.0.1 at 2014-09-18 15:26:34 -0300
Served asset /application.css - 304 Not Modified (0ms)


Started GET "/assets/jquery.js?body=1" for 127.0.0.1 at 2014-09-18 15:26:34 -0300
Served asset /jquery.js - 304 Not Modified (0ms)


Started GET "/assets/application.js?body=1" for 127.0.0.1 at 2014-09-18 15:26:34 -0300
Served asset /application.js - 304 Not Modified (1ms)


Started GET "/assets/jquery_ujs.js?body=1" for 127.0.0.1 at 2014-09-18 15:26:34 -0300
Served asset /jquery_ujs.js - 304 Not Modified (0ms)


Started GET "/movies/new" for 127.0.0.1 at 2014-09-18 15:26:37 -0300
Processing by MoviesController#new as HTML
  Rendered movies/new.html.haml within layouts/application (10.2ms)
Completed 200 OK in 13.4ms (Views: 13.2ms | ActiveRecord: 0.0ms)


Started GET "/assets/application.css?body=1" for 127.0.0.1 at 2014-09-18 15:26:37 -0300
Served asset /application.css - 304 Not Modified (0ms)


Started GET "/assets/jquery.js?body=1" for 127.0.0.1 at 2014-09-18 15:26:37 -0300
Served asset /jquery.js - 304 Not Modified (0ms)


Started GET "/assets/jquery_ujs.js?body=1" for 127.0.0.1 at 2014-09-18 15:26:37 -0300
Served asset /jquery_ujs.js - 304 Not Modified (1ms)


Started GET "/assets/application.js?body=1" for 127.0.0.1 at 2014-09-18 15:26:37 -0300
Served asset /application.js - 304 Not Modified (0ms)


Started GET "/movies/5" for 127.0.0.1 at 2014-09-18 15:28:06 -0300
Processing by MoviesController#show as HTML
  Parameters: {"id"=>"5"}
  [1m[35mMovie Load (0.1ms)[0m  SELECT "movies".* FROM "movies" WHERE "movies"."id" = ? LIMIT 1  [["id", "5"]]
  Rendered movies/show.html.haml within layouts/application (2.5ms)
Completed 200 OK in 5.9ms (Views: 5.2ms | ActiveRecord: 0.1ms)


Started GET "/assets/application.css?body=1" for 127.0.0.1 at 2014-09-18 15:28:06 -0300
Served asset /application.css - 304 Not Modified (0ms)


Started GET "/assets/jquery.js?body=1" for 127.0.0.1 at 2014-09-18 15:28:06 -0300
Served asset /jquery.js - 304 Not Modified (0ms)


Started GET "/assets/application.js?body=1" for 127.0.0.1 at 2014-09-18 15:28:06 -0300
Served asset /application.js - 304 Not Modified (6ms)


Started GET "/assets/jquery_ujs.js?body=1" for 127.0.0.1 at 2014-09-18 15:28:06 -0300
Served asset /jquery_ujs.js - 304 Not Modified (0ms)


Started GET "/movies/5" for 127.0.0.1 at 2014-09-18 15:28:42 -0300
Processing by MoviesController#show as HTML
  Parameters: {"id"=>"5"}
  [1m[36mMovie Load (0.1ms)[0m  [1mSELECT "movies".* FROM "movies" WHERE "movies"."id" = ? LIMIT 1[0m  [["id", "5"]]
  Rendered movies/show.html.haml within layouts/application (4.1ms)
Completed 200 OK in 17.7ms (Views: 10.1ms | ActiveRecord: 0.1ms)


Started GET "/assets/application.css?body=1" for 127.0.0.1 at 2014-09-18 15:28:42 -0300
Served asset /application.css - 304 Not Modified (0ms)


Started GET "/assets/jquery.js?body=1" for 127.0.0.1 at 2014-09-18 15:28:42 -0300
Served asset /jquery.js - 304 Not Modified (0ms)


Started GET "/assets/jquery_ujs.js?body=1" for 127.0.0.1 at 2014-09-18 15:28:42 -0300
Served asset /jquery_ujs.js - 304 Not Modified (0ms)


Started GET "/assets/application.js?body=1" for 127.0.0.1 at 2014-09-18 15:28:42 -0300
Served asset /application.js - 304 Not Modified (0ms)


Started GET "/movies/new" for 127.0.0.1 at 2014-09-18 15:30:17 -0300
Processing by MoviesController#new as HTML
  Rendered movies/new.html.haml within layouts/application (4.3ms)
Completed 200 OK in 7.2ms (Views: 7.1ms | ActiveRecord: 0.0ms)


Started GET "/assets/application.css?body=1" for 127.0.0.1 at 2014-09-18 15:30:17 -0300
Served asset /application.css - 304 Not Modified (0ms)


Started GET "/assets/jquery.js?body=1" for 127.0.0.1 at 2014-09-18 15:30:17 -0300
Served asset /jquery.js - 304 Not Modified (0ms)


Started GET "/assets/jquery_ujs.js?body=1" for 127.0.0.1 at 2014-09-18 15:30:17 -0300
Served asset /jquery_ujs.js - 304 Not Modified (0ms)


Started GET "/assets/application.js?body=1" for 127.0.0.1 at 2014-09-18 15:30:17 -0300
Served asset /application.js - 304 Not Modified (32ms)


Started POST "/movies" for 127.0.0.1 at 2014-09-18 15:30:45 -0300
Processing by MoviesController#create as HTML
  Parameters: {"utf8"=>"✓", "authenticity_token"=>"GDH7GH5y4jM17jFKHX2ibtfcWYtKPqbOGBtgpfynR2s=", "movie"=>{"title"=>"The Simpsons", "rating"=>"G", "release_date(1i)"=>"2014", "release_date(2i)"=>"9", "release_date(3i)"=>"18", "Director"=>"Blah Blah Blah"}, "commit"=>"Save Changes"}
WARNING: Can't mass-assign protected attributes: Director
  [1m[35m (0.1ms)[0m  begin transaction
  [1m[36mSQL (3.5ms)[0m  [1mINSERT INTO "movies" ("created_at", "description", "director", "rating", "release_date", "title", "updated_at") VALUES (?, ?, ?, ?, ?, ?, ?)[0m  [["created_at", Thu, 18 Sep 2014 18:30:45 UTC +00:00], ["description", nil], ["director", nil], ["rating", "G"], ["release_date", Thu, 18 Sep 2014 00:00:00 UTC +00:00], ["title", "The Simpsons"], ["updated_at", Thu, 18 Sep 2014 18:30:45 UTC +00:00]]
  [1m[35m (27.6ms)[0m  commit transaction
Redirected to http://localhost:3000/movies
Completed 302 Found in 34.6ms (ActiveRecord: 31.1ms)


Started GET "/movies" for 127.0.0.1 at 2014-09-18 15:30:46 -0300
Processing by MoviesController#index as HTML
  [1m[36mMovie Load (0.0ms)[0m  [1mSELECT "movies".* FROM "movies" WHERE "movies"."rating" IN ('G', 'PG', 'PG-13', 'NC-17', 'R')[0m
  Rendered movies/index.html.haml within layouts/application (6.5ms)
Completed 200 OK in 10.7ms (Views: 9.5ms | ActiveRecord: 0.0ms)


Started GET "/assets/application.css?body=1" for 127.0.0.1 at 2014-09-18 15:30:46 -0300
Served asset /application.css - 304 Not Modified (0ms)


Started GET "/assets/jquery.js?body=1" for 127.0.0.1 at 2014-09-18 15:30:46 -0300
Served asset /jquery.js - 304 Not Modified (0ms)


Started GET "/assets/application.js?body=1" for 127.0.0.1 at 2014-09-18 15:30:46 -0300
Served asset /application.js - 304 Not Modified (0ms)


Started GET "/assets/jquery_ujs.js?body=1" for 127.0.0.1 at 2014-09-18 15:30:46 -0300
Served asset /jquery_ujs.js - 304 Not Modified (0ms)


Started GET "/movies/21" for 127.0.0.1 at 2014-09-18 15:30:51 -0300
Processing by MoviesController#show as HTML
  Parameters: {"id"=>"21"}
  [1m[35mMovie Load (0.1ms)[0m  SELECT "movies".* FROM "movies" WHERE "movies"."id" = ? LIMIT 1  [["id", "21"]]
  Rendered movies/show.html.haml within layouts/application (0.9ms)
Completed 200 OK in 8.4ms (Views: 7.6ms | ActiveRecord: 0.1ms)


Started GET "/assets/application.css?body=1" for 127.0.0.1 at 2014-09-18 15:30:51 -0300
Served asset /application.css - 304 Not Modified (0ms)


Started GET "/assets/jquery.js?body=1" for 127.0.0.1 at 2014-09-18 15:30:51 -0300
Served asset /jquery.js - 304 Not Modified (0ms)


Started GET "/assets/jquery_ujs.js?body=1" for 127.0.0.1 at 2014-09-18 15:30:51 -0300
Served asset /jquery_ujs.js - 304 Not Modified (0ms)


Started GET "/assets/application.js?body=1" for 127.0.0.1 at 2014-09-18 15:30:51 -0300
Served asset /application.js - 304 Not Modified (0ms)


Started GET "/movies/21" for 127.0.0.1 at 2014-09-18 15:31:31 -0300
Processing by MoviesController#show as HTML
  Parameters: {"id"=>"21"}
  [1m[36mMovie Load (0.1ms)[0m  [1mSELECT "movies".* FROM "movies" WHERE "movies"."id" = ? LIMIT 1[0m  [["id", "21"]]
  Rendered movies/show.html.haml within layouts/application (8.1ms)
Completed 200 OK in 14.7ms (Views: 14.0ms | ActiveRecord: 0.1ms)


Started GET "/assets/application.css?body=1" for 127.0.0.1 at 2014-09-18 15:31:31 -0300
Served asset /application.css - 304 Not Modified (0ms)


Started GET "/assets/jquery.js?body=1" for 127.0.0.1 at 2014-09-18 15:31:31 -0300
Served asset /jquery.js - 304 Not Modified (0ms)


Started GET "/assets/jquery_ujs.js?body=1" for 127.0.0.1 at 2014-09-18 15:31:31 -0300
Served asset /jquery_ujs.js - 304 Not Modified (0ms)


Started GET "/assets/application.js?body=1" for 127.0.0.1 at 2014-09-18 15:31:31 -0300
Served asset /application.js - 304 Not Modified (0ms)


Started GET "/movies/21" for 127.0.0.1 at 2014-09-18 15:31:56 -0300
Processing by MoviesController#show as HTML
  Parameters: {"id"=>"21"}
  [1m[35mMovie Load (0.1ms)[0m  SELECT "movies".* FROM "movies" WHERE "movies"."id" = ? LIMIT 1  [["id", "21"]]
  Rendered movies/show.html.haml within layouts/application (2.1ms)
Completed 200 OK in 27.8ms (Views: 26.6ms | ActiveRecord: 0.1ms)


Started GET "/assets/application.css?body=1" for 127.0.0.1 at 2014-09-18 15:31:56 -0300
Served asset /application.css - 304 Not Modified (0ms)


Started GET "/assets/jquery.js?body=1" for 127.0.0.1 at 2014-09-18 15:31:56 -0300
Served asset /jquery.js - 304 Not Modified (0ms)


Started GET "/assets/jquery_ujs.js?body=1" for 127.0.0.1 at 2014-09-18 15:31:56 -0300
Served asset /jquery_ujs.js - 304 Not Modified (0ms)


Started GET "/assets/application.js?body=1" for 127.0.0.1 at 2014-09-18 15:31:56 -0300
Served asset /application.js - 304 Not Modified (0ms)


Started GET "/movies/21/edit" for 127.0.0.1 at 2014-09-18 15:32:07 -0300
Processing by MoviesController#edit as HTML
  Parameters: {"id"=>"21"}
  [1m[36mMovie Load (0.1ms)[0m  [1mSELECT "movies".* FROM "movies" WHERE "movies"."id" = ? LIMIT 1[0m  [["id", "21"]]
  Rendered movies/edit.html.haml within layouts/application (4.8ms)
Completed 200 OK in 8.1ms (Views: 7.2ms | ActiveRecord: 0.1ms)


Started GET "/assets/application.css?body=1" for 127.0.0.1 at 2014-09-18 15:32:07 -0300
Served asset /application.css - 304 Not Modified (0ms)


Started GET "/assets/jquery.js?body=1" for 127.0.0.1 at 2014-09-18 15:32:07 -0300
Served asset /jquery.js - 304 Not Modified (0ms)


Started GET "/assets/jquery_ujs.js?body=1" for 127.0.0.1 at 2014-09-18 15:32:07 -0300
Served asset /jquery_ujs.js - 304 Not Modified (0ms)


Started GET "/assets/application.js?body=1" for 127.0.0.1 at 2014-09-18 15:32:07 -0300
Served asset /application.js - 304 Not Modified (0ms)


Started GET "/movies/21" for 127.0.0.1 at 2014-09-18 15:33:39 -0300
Processing by MoviesController#show as HTML
  Parameters: {"id"=>"21"}
  [1m[35mMovie Load (0.1ms)[0m  SELECT "movies".* FROM "movies" WHERE "movies"."id" = ? LIMIT 1  [["id", "21"]]
  Rendered movies/show.html.haml within layouts/application (1.1ms)
Completed 200 OK in 7.0ms (Views: 6.2ms | ActiveRecord: 0.1ms)


Started GET "/assets/application.css?body=1" for 127.0.0.1 at 2014-09-18 15:33:39 -0300
Served asset /application.css - 304 Not Modified (0ms)


Started GET "/assets/jquery.js?body=1" for 127.0.0.1 at 2014-09-18 15:33:39 -0300
Served asset /jquery.js - 304 Not Modified (0ms)


Started GET "/assets/jquery_ujs.js?body=1" for 127.0.0.1 at 2014-09-18 15:33:39 -0300
Served asset /jquery_ujs.js - 304 Not Modified (0ms)


Started GET "/assets/application.js?body=1" for 127.0.0.1 at 2014-09-18 15:33:39 -0300
Served asset /application.js - 304 Not Modified (4ms)


Started GET "/movies/21/edit" for 127.0.0.1 at 2014-09-18 15:33:46 -0300
Processing by MoviesController#edit as HTML
  Parameters: {"id"=>"21"}
  [1m[36mMovie Load (0.1ms)[0m  [1mSELECT "movies".* FROM "movies" WHERE "movies"."id" = ? LIMIT 1[0m  [["id", "21"]]
ERROR: compiling _app_views_movies_edit_html_haml__1064121898_98729310 RAISED /home/saasbook/Documents/bdd-tdd-cycle/rottenpotatoes/app/views/movies/edit.html.haml:16: syntax error, unexpected tSTRING_BEG, expecting ')'
...lse(( label :movie, :director 'Director'
...                               ^
Function body:           def _app_views_movies_edit_html_haml__1064121898_98729310(local_assigns, output_buffer)
            _old_virtual_path, @virtual_path = @virtual_path, "movies/edit";_old_output_buffer = @output_buffer;;begin;extend Haml::Helpers;_hamlout = @haml_buffer = Haml::Buffer.new(haml_buffer, {:autoclose=>["area", "base", "basefont", "br", "col", "command", "embed", "frame", "hr", "img", "input", "isindex", "keygen", "link", "menuitem", "meta", "param", "source", "track", "wbr"], :preserve=>["textarea", "pre", "code"], :attr_wrapper=>"'", :ugly=>false, :format=>:html5, :encoding=>"UTF-8", :escape_html=>true, :escape_attrs=>true, :hyphenate_data_attrs=>true, :cdata=>false});_erbout = _hamlout.buffer;@output_buffer = output_buffer ||= ActionView::OutputBuffer.new rescue nil;;_hamlout.push_text("<h1>Edit Existing Movie</h1>\n", 0, false);



haml_temp =  form_tag movie_path(@movie), :method => :put do
_hamlout.push_text("#{
_hamlout.format_script_false_false_false_true_false_true_false(( label :movie, :title, 'Title'
));}\n#{_hamlout.format_script_false_false_false_true_false_true_false(( text_field :movie, 'title'
));}\n#{
_hamlout.format_script_false_false_false_true_false_true_false(( label :movie, :rating, 'Rating'
));}\n#{_hamlout.format_script_false_false_false_true_false_true_false(( select :movie, :rating, ['G','PG','PG-13','R','NC-17']
));}\n#{
_hamlout.format_script_false_false_false_true_false_true_false(( label :movie, :release_date, 'Released On'
));}\n#{_hamlout.format_script_false_false_false_true_false_true_false(( date_select :movie, :release_date
));}\n#{
_hamlout.format_script_false_false_false_true_false_true_false(( label :movie, :director 'Director'
));}\n#{_hamlout.format_script_false_false_false_true_false_true_false(( text_field :movie, :director
));}\n#{
_hamlout.format_script_false_false_false_true_false_true_false(( submit_tag 'Update Movie Info'
));}\n", 0, false);end;_hamlout.buffer << _hamlout.format_script_false_false_false_true_false_false_false(haml_temp);_hamlout.push_text("\n", 0, false);::Haml::Util.html_safe(_erbout);ensure;@haml_buffer = @haml_buffer.upper if @haml_buffer;end;
          ensure
            @virtual_path, @output_buffer = _old_virtual_path, _old_output_buffer
          end

Backtrace: /home/saasbook/.rvm/gems/ruby-1.9.3-p448/gems/actionpack-3.2.18/lib/action_view/template.rb:297:in `module_eval'
/home/saasbook/.rvm/gems/ruby-1.9.3-p448/gems/actionpack-3.2.18/lib/action_view/template.rb:297:in `compile'
/home/saasbook/.rvm/gems/ruby-1.9.3-p448/gems/actionpack-3.2.18/lib/action_view/template.rb:244:in `block in compile!'
<internal:prelude>:10:in `synchronize'
/home/saasbook/.rvm/gems/ruby-1.9.3-p448/gems/actionpack-3.2.18/lib/action_view/template.rb:232:in `compile!'
/home/saasbook/.rvm/gems/ruby-1.9.3-p448/gems/actionpack-3.2.18/lib/action_view/template.rb:144:in `block in render'
/home/saasbook/.rvm/gems/ruby-1.9.3-p448/gems/activesupport-3.2.18/lib/active_support/notifications.rb:125:in `instrument'
/home/saasbook/.rvm/gems/ruby-1.9.3-p448/gems/actionpack-3.2.18/lib/action_view/template.rb:143:in `render'
/home/saasbook/.rvm/gems/ruby-1.9.3-p448/gems/actionpack-3.2.18/lib/action_view/renderer/template_renderer.rb:47:in `block (2 levels) in render_template'
/home/saasbook/.rvm/gems/ruby-1.9.3-p448/gems/actionpack-3.2.18/lib/action_view/renderer/abstract_renderer.rb:38:in `block in instrument'
/home/saasbook/.rvm/gems/ruby-1.9.3-p448/gems/activesupport-3.2.18/lib/active_support/notifications.rb:123:in `block in instrument'
/home/saasbook/.rvm/gems/ruby-1.9.3-p448/gems/activesupport-3.2.18/lib/active_support/notifications/instrumenter.rb:20:in `instrument'
/home/saasbook/.rvm/gems/ruby-1.9.3-p448/gems/activesupport-3.2.18/lib/active_support/notifications.rb:123:in `instrument'
/home/saasbook/.rvm/gems/ruby-1.9.3-p448/gems/actionpack-3.2.18/lib/action_view/renderer/abstract_renderer.rb:38:in `instrument'
/home/saasbook/.rvm/gems/ruby-1.9.3-p448/gems/actionpack-3.2.18/lib/action_view/renderer/template_renderer.rb:46:in `block in render_template'
/home/saasbook/.rvm/gems/ruby-1.9.3-p448/gems/actionpack-3.2.18/lib/action_view/renderer/template_renderer.rb:54:in `render_with_layout'
/home/saasbook/.rvm/gems/ruby-1.9.3-p448/gems/actionpack-3.2.18/lib/action_view/renderer/template_renderer.rb:45:in `render_template'
/home/saasbook/.rvm/gems/ruby-1.9.3-p448/gems/actionpack-3.2.18/lib/action_view/renderer/template_renderer.rb:18:in `render'
/home/saasbook/.rvm/gems/ruby-1.9.3-p448/gems/actionpack-3.2.18/lib/action_view/renderer/renderer.rb:36:in `render_template'
/home/saasbook/.rvm/gems/ruby-1.9.3-p448/gems/actionpack-3.2.18/lib/action_view/renderer/renderer.rb:17:in `render'
/home/saasbook/.rvm/gems/ruby-1.9.3-p448/gems/actionpack-3.2.18/lib/abstract_controller/rendering.rb:110:in `_render_template'
/home/saasbook/.rvm/gems/ruby-1.9.3-p448/gems/actionpack-3.2.18/lib/action_controller/metal/streaming.rb:225:in `_render_template'
/home/saasbook/.rvm/gems/ruby-1.9.3-p448/gems/actionpack-3.2.18/lib/abstract_controller/rendering.rb:103:in `render_to_body'
/home/saasbook/.rvm/gems/ruby-1.9.3-p448/gems/actionpack-3.2.18/lib/action_controller/metal/renderers.rb:28:in `render_to_body'
/home/saasbook/.rvm/gems/ruby-1.9.3-p448/gems/actionpack-3.2.18/lib/action_controller/metal/compatibility.rb:50:in `render_to_body'
/home/saasbook/.rvm/gems/ruby-1.9.3-p448/gems/actionpack-3.2.18/lib/abstract_controller/rendering.rb:88:in `render'
/home/saasbook/.rvm/gems/ruby-1.9.3-p448/gems/actionpack-3.2.18/lib/action_controller/metal/rendering.rb:16:in `render'
/home/saasbook/.rvm/gems/ruby-1.9.3-p448/gems/actionpack-3.2.18/lib/action_controller/metal/instrumentation.rb:40:in `block (2 levels) in render'
/home/saasbook/.rvm/gems/ruby-1.9.3-p448/gems/activesupport-3.2.18/lib/active_support/core_ext/benchmark.rb:5:in `block in ms'
/home/saasbook/.rvm/rubies/ruby-1.9.3-p448/lib/ruby/1.9.1/benchmark.rb:295:in `realtime'
/home/saasbook/.rvm/gems/ruby-1.9.3-p448/gems/activesupport-3.2.18/lib/active_support/core_ext/benchmark.rb:5:in `ms'
/home/saasbook/.rvm/gems/ruby-1.9.3-p448/gems/actionpack-3.2.18/lib/action_controller/metal/instrumentation.rb:40:in `block in render'
/home/saasbook/.rvm/gems/ruby-1.9.3-p448/gems/actionpack-3.2.18/lib/action_controller/metal/instrumentation.rb:83:in `cleanup_view_runtime'
/home/saasbook/.rvm/gems/ruby-1.9.3-p448/gems/activerecord-3.2.18/lib/active_record/railties/controller_runtime.rb:24:in `cleanup_view_runtime'
/home/saasbook/.rvm/gems/ruby-1.9.3-p448/gems/actionpack-3.2.18/lib/action_controller/metal/instrumentation.rb:39:in `render'
/home/saasbook/.rvm/gems/ruby-1.9.3-p448/gems/actionpack-3.2.18/lib/action_controller/metal/implicit_render.rb:10:in `default_render'
/home/saasbook/.rvm/gems/ruby-1.9.3-p448/gems/actionpack-3.2.18/lib/action_controller/metal/implicit_render.rb:5:in `send_action'
/home/saasbook/.rvm/gems/ruby-1.9.3-p448/gems/actionpack-3.2.18/lib/abstract_controller/base.rb:167:in `process_action'
/home/saasbook/.rvm/gems/ruby-1.9.3-p448/gems/actionpack-3.2.18/lib/action_controller/metal/rendering.rb:10:in `process_action'
/home/saasbook/.rvm/gems/ruby-1.9.3-p448/gems/actionpack-3.2.18/lib/abstract_controller/callbacks.rb:18:in `block in process_action'
/home/saasbook/.rvm/gems/ruby-1.9.3-p448/gems/activesupport-3.2.18/lib/active_support/callbacks.rb:414:in `_run__884663543__process_action__152972502__callbacks'
/home/saasbook/.rvm/gems/ruby-1.9.3-p448/gems/activesupport-3.2.18/lib/active_support/callbacks.rb:405:in `__run_callback'
/home/saasbook/.rvm/gems/ruby-1.9.3-p448/gems/activesupport-3.2.18/lib/active_support/callbacks.rb:385:in `_run_process_action_callbacks'
/home/saasbook/.rvm/gems/ruby-1.9.3-p448/gems/activesupport-3.2.18/lib/active_support/callbacks.rb:81:in `run_callbacks'
/home/saasbook/.rvm/gems/ruby-1.9.3-p448/gems/actionpack-3.2.18/lib/abstract_controller/callbacks.rb:17:in `process_action'
/home/saasbook/.rvm/gems/ruby-1.9.3-p448/gems/actionpack-3.2.18/lib/action_controller/metal/rescue.rb:29:in `process_action'
/home/saasbook/.rvm/gems/ruby-1.9.3-p448/gems/actionpack-3.2.18/lib/action_controller/metal/instrumentation.rb:30:in `block in process_action'
/home/saasbook/.rvm/gems/ruby-1.9.3-p448/gems/activesupport-3.2.18/lib/active_support/notifications.rb:123:in `block in instrument'
/home/saasbook/.rvm/gems/ruby-1.9.3-p448/gems/activesupport-3.2.18/lib/active_support/notifications/instrumenter.rb:20:in `instrument'
/home/saasbook/.rvm/gems/ruby-1.9.3-p448/gems/activesupport-3.2.18/lib/active_support/notifications.rb:123:in `instrument'
/home/saasbook/.rvm/gems/ruby-1.9.3-p448/gems/actionpack-3.2.18/lib/action_controller/metal/instrumentation.rb:29:in `process_action'
/home/saasbook/.rvm/gems/ruby-1.9.3-p448/gems/actionpack-3.2.18/lib/action_controller/metal/params_wrapper.rb:207:in `process_action'
/home/saasbook/.rvm/gems/ruby-1.9.3-p448/gems/activerecord-3.2.18/lib/active_record/railties/controller_runtime.rb:18:in `process_action'
/home/saasbook/.rvm/gems/ruby-1.9.3-p448/gems/actionpack-3.2.18/lib/abstract_controller/base.rb:121:in `process'
/home/saasbook/.rvm/gems/ruby-1.9.3-p448/gems/actionpack-3.2.18/lib/abstract_controller/rendering.rb:45:in `process'
/home/saasbook/.rvm/gems/ruby-1.9.3-p448/gems/actionpack-3.2.18/lib/action_controller/metal.rb:203:in `dispatch'
/home/saasbook/.rvm/gems/ruby-1.9.3-p448/gems/actionpack-3.2.18/lib/action_controller/metal/rack_delegation.rb:14:in `dispatch'
/home/saasbook/.rvm/gems/ruby-1.9.3-p448/gems/actionpack-3.2.18/lib/action_controller/metal.rb:246:in `block in action'
/home/saasbook/.rvm/gems/ruby-1.9.3-p448/gems/actionpack-3.2.18/lib/action_dispatch/routing/route_set.rb:73:in `call'
/home/saasbook/.rvm/gems/ruby-1.9.3-p448/gems/actionpack-3.2.18/lib/action_dispatch/routing/route_set.rb:73:in `dispatch'
/home/saasbook/.rvm/gems/ruby-1.9.3-p448/gems/actionpack-3.2.18/lib/action_dispatch/routing/route_set.rb:36:in `call'
/home/saasbook/.rvm/gems/ruby-1.9.3-p448/gems/journey-1.0.4/lib/journey/router.rb:68:in `block in call'
/home/saasbook/.rvm/gems/ruby-1.9.3-p448/gems/journey-1.0.4/lib/journey/router.rb:56:in `each'
/home/saasbook/.rvm/gems/ruby-1.9.3-p448/gems/journey-1.0.4/lib/journey/router.rb:56:in `call'
/home/saasbook/.rvm/gems/ruby-1.9.3-p448/gems/actionpack-3.2.18/lib/action_dispatch/routing/route_set.rb:608:in `call'
/home/saasbook/.rvm/gems/ruby-1.9.3-p448/gems/actionpack-3.2.18/lib/action_dispatch/middleware/best_standards_support.rb:17:in `call'
/home/saasbook/.rvm/gems/ruby-1.9.3-p448/gems/rack-1.4.5/lib/rack/etag.rb:23:in `call'
/home/saasbook/.rvm/gems/ruby-1.9.3-p448/gems/rack-1.4.5/lib/rack/conditionalget.rb:25:in `call'
/home/saasbook/.rvm/gems/ruby-1.9.3-p448/gems/actionpack-3.2.18/lib/action_dispatch/middleware/head.rb:14:in `call'
/home/saasbook/.rvm/gems/ruby-1.9.3-p448/gems/actionpack-3.2.18/lib/action_dispatch/middleware/params_parser.rb:21:in `call'
/home/saasbook/.rvm/gems/ruby-1.9.3-p448/gems/actionpack-3.2.18/lib/action_dispatch/middleware/flash.rb:242:in `call'
/home/saasbook/.rvm/gems/ruby-1.9.3-p448/gems/rack-1.4.5/lib/rack/session/abstract/id.rb:210:in `context'
/home/saasbook/.rvm/gems/ruby-1.9.3-p448/gems/rack-1.4.5/lib/rack/session/abstract/id.rb:205:in `call'
/home/saasbook/.rvm/gems/ruby-1.9.3-p448/gems/actionpack-3.2.18/lib/action_dispatch/middleware/cookies.rb:341:in `call'
/home/saasbook/.rvm/gems/ruby-1.9.3-p448/gems/activerecord-3.2.18/lib/active_record/query_cache.rb:64:in `call'
/home/saasbook/.rvm/gems/ruby-1.9.3-p448/gems/activerecord-3.2.18/lib/active_record/connection_adapters/abstract/connection_pool.rb:479:in `call'
/home/saasbook/.rvm/gems/ruby-1.9.3-p448/gems/actionpack-3.2.18/lib/action_dispatch/middleware/callbacks.rb:28:in `block in call'
/home/saasbook/.rvm/gems/ruby-1.9.3-p448/gems/activesupport-3.2.18/lib/active_support/callbacks.rb:405:in `_run__913445818__call__586655006__callbacks'
/home/saasbook/.rvm/gems/ruby-1.9.3-p448/gems/activesupport-3.2.18/lib/active_support/callbacks.rb:405:in `__run_callback'
/home/saasbook/.rvm/gems/ruby-1.9.3-p448/gems/activesupport-3.2.18/lib/active_support/callbacks.rb:385:in `_run_call_callbacks'
/home/saasbook/.rvm/gems/ruby-1.9.3-p448/gems/activesupport-3.2.18/lib/active_support/callbacks.rb:81:in `run_callbacks'
/home/saasbook/.rvm/gems/ruby-1.9.3-p448/gems/actionpack-3.2.18/lib/action_dispatch/middleware/callbacks.rb:27:in `call'
/home/saasbook/.rvm/gems/ruby-1.9.3-p448/gems/actionpack-3.2.18/lib/action_dispatch/middleware/reloader.rb:65:in `call'
/home/saasbook/.rvm/gems/ruby-1.9.3-p448/gems/actionpack-3.2.18/lib/action_dispatch/middleware/remote_ip.rb:31:in `call'
/home/saasbook/.rvm/gems/ruby-1.9.3-p448/gems/actionpack-3.2.18/lib/action_dispatch/middleware/debug_exceptions.rb:16:in `call'
/home/saasbook/.rvm/gems/ruby-1.9.3-p448/gems/actionpack-3.2.18/lib/action_dispatch/middleware/show_exceptions.rb:56:in `call'
/home/saasbook/.rvm/gems/ruby-1.9.3-p448/gems/railties-3.2.18/lib/rails/rack/logger.rb:32:in `call_app'
/home/saasbook/.rvm/gems/ruby-1.9.3-p448/gems/railties-3.2.18/lib/rails/rack/logger.rb:16:in `block in call'
/home/saasbook/.rvm/gems/ruby-1.9.3-p448/gems/activesupport-3.2.18/lib/active_support/tagged_logging.rb:22:in `tagged'
/home/saasbook/.rvm/gems/ruby-1.9.3-p448/gems/railties-3.2.18/lib/rails/rack/logger.rb:16:in `call'
/home/saasbook/.rvm/gems/ruby-1.9.3-p448/gems/actionpack-3.2.18/lib/action_dispatch/middleware/request_id.rb:22:in `call'
/home/saasbook/.rvm/gems/ruby-1.9.3-p448/gems/rack-1.4.5/lib/rack/methodoverride.rb:21:in `call'
/home/saasbook/.rvm/gems/ruby-1.9.3-p448/gems/rack-1.4.5/lib/rack/runtime.rb:17:in `call'
/home/saasbook/.rvm/gems/ruby-1.9.3-p448/gems/activesupport-3.2.18/lib/active_support/cache/strategy/local_cache.rb:72:in `call'
/home/saasbook/.rvm/gems/ruby-1.9.3-p448/gems/rack-1.4.5/lib/rack/lock.rb:15:in `call'
/home/saasbook/.rvm/gems/ruby-1.9.3-p448/gems/actionpack-3.2.18/lib/action_dispatch/middleware/static.rb:63:in `call'
/home/saasbook/.rvm/gems/ruby-1.9.3-p448/gems/railties-3.2.18/lib/rails/engine.rb:484:in `call'
/home/saasbook/.rvm/gems/ruby-1.9.3-p448/gems/railties-3.2.18/lib/rails/application.rb:231:in `call'
/home/saasbook/.rvm/gems/ruby-1.9.3-p448/gems/rack-1.4.5/lib/rack/content_length.rb:14:in `call'
/home/saasbook/.rvm/gems/ruby-1.9.3-p448/gems/railties-3.2.18/lib/rails/rack/log_tailer.rb:17:in `call'
/home/saasbook/.rvm/gems/ruby-1.9.3-p448/gems/rack-1.4.5/lib/rack/handler/webrick.rb:59:in `service'
/home/saasbook/.rvm/rubies/ruby-1.9.3-p448/lib/ruby/1.9.1/webrick/httpserver.rb:138:in `service'
/home/saasbook/.rvm/rubies/ruby-1.9.3-p448/lib/ruby/1.9.1/webrick/httpserver.rb:94:in `run'
/home/saasbook/.rvm/rubies/ruby-1.9.3-p448/lib/ruby/1.9.1/webrick/server.rb:191:in `block in start_thread'
  Rendered movies/edit.html.haml within layouts/application (30.8ms)
Completed 500 Internal Server Error in 38.6ms

ActionView::Template::Error (/home/saasbook/Documents/bdd-tdd-cycle/rottenpotatoes/app/views/movies/edit.html.haml:16: syntax error, unexpected tSTRING_BEG, expecting ')'
...lse(( label :movie, :director 'Director'
...                               ^):
    13:   = label :movie, :release_date, 'Released On'
    14:   = date_select :movie, :release_date
    15: 
    16:   = label :movie, :director 'Director'
    17:   = text_field :movie, :director
    18: 
    19:   = submit_tag 'Update Movie Info'
  actionpack (3.2.18) lib/action_view/template.rb:297:in `module_eval'
  actionpack (3.2.18) lib/action_view/template.rb:297:in `compile'
  actionpack (3.2.18) lib/action_view/template.rb:244:in `block in compile!'
  <internal:prelude>:10:in `synchronize'
  actionpack (3.2.18) lib/action_view/template.rb:232:in `compile!'
  actionpack (3.2.18) lib/action_view/template.rb:144:in `block in render'
  activesupport (3.2.18) lib/active_support/notifications.rb:125:in `instrument'
  actionpack (3.2.18) lib/action_view/template.rb:143:in `render'
  actionpack (3.2.18) lib/action_view/renderer/template_renderer.rb:47:in `block (2 levels) in render_template'
  actionpack (3.2.18) lib/action_view/renderer/abstract_renderer.rb:38:in `block in instrument'
  activesupport (3.2.18) lib/active_support/notifications.rb:123:in `block in instrument'
  activesupport (3.2.18) lib/active_support/notifications/instrumenter.rb:20:in `instrument'
  activesupport (3.2.18) lib/active_support/notifications.rb:123:in `instrument'
  actionpack (3.2.18) lib/action_view/renderer/abstract_renderer.rb:38:in `instrument'
  actionpack (3.2.18) lib/action_view/renderer/template_renderer.rb:46:in `block in render_template'
  actionpack (3.2.18) lib/action_view/renderer/template_renderer.rb:54:in `render_with_layout'
  actionpack (3.2.18) lib/action_view/renderer/template_renderer.rb:45:in `render_template'
  actionpack (3.2.18) lib/action_view/renderer/template_renderer.rb:18:in `render'
  actionpack (3.2.18) lib/action_view/renderer/renderer.rb:36:in `render_template'
  actionpack (3.2.18) lib/action_view/renderer/renderer.rb:17:in `render'
  actionpack (3.2.18) lib/abstract_controller/rendering.rb:110:in `_render_template'
  actionpack (3.2.18) lib/action_controller/metal/streaming.rb:225:in `_render_template'
  actionpack (3.2.18) lib/abstract_controller/rendering.rb:103:in `render_to_body'
  actionpack (3.2.18) lib/action_controller/metal/renderers.rb:28:in `render_to_body'
  actionpack (3.2.18) lib/action_controller/metal/compatibility.rb:50:in `render_to_body'
  actionpack (3.2.18) lib/abstract_controller/rendering.rb:88:in `render'
  actionpack (3.2.18) lib/action_controller/metal/rendering.rb:16:in `render'
  actionpack (3.2.18) lib/action_controller/metal/instrumentation.rb:40:in `block (2 levels) in render'
  activesupport (3.2.18) lib/active_support/core_ext/benchmark.rb:5:in `block in ms'
  /home/saasbook/.rvm/rubies/ruby-1.9.3-p448/lib/ruby/1.9.1/benchmark.rb:295:in `realtime'
  activesupport (3.2.18) lib/active_support/core_ext/benchmark.rb:5:in `ms'
  actionpack (3.2.18) lib/action_controller/metal/instrumentation.rb:40:in `block in render'
  actionpack (3.2.18) lib/action_controller/metal/instrumentation.rb:83:in `cleanup_view_runtime'
  activerecord (3.2.18) lib/active_record/railties/controller_runtime.rb:24:in `cleanup_view_runtime'
  actionpack (3.2.18) lib/action_controller/metal/instrumentation.rb:39:in `render'
  actionpack (3.2.18) lib/action_controller/metal/implicit_render.rb:10:in `default_render'
  actionpack (3.2.18) lib/action_controller/metal/implicit_render.rb:5:in `send_action'
  actionpack (3.2.18) lib/abstract_controller/base.rb:167:in `process_action'
  actionpack (3.2.18) lib/action_controller/metal/rendering.rb:10:in `process_action'
  actionpack (3.2.18) lib/abstract_controller/callbacks.rb:18:in `block in process_action'
  activesupport (3.2.18) lib/active_support/callbacks.rb:414:in `_run__884663543__process_action__152972502__callbacks'
  activesupport (3.2.18) lib/active_support/callbacks.rb:405:in `__run_callback'
  activesupport (3.2.18) lib/active_support/callbacks.rb:385:in `_run_process_action_callbacks'
  activesupport (3.2.18) lib/active_support/callbacks.rb:81:in `run_callbacks'
  actionpack (3.2.18) lib/abstract_controller/callbacks.rb:17:in `process_action'
  actionpack (3.2.18) lib/action_controller/metal/rescue.rb:29:in `process_action'
  actionpack (3.2.18) lib/action_controller/metal/instrumentation.rb:30:in `block in process_action'
  activesupport (3.2.18) lib/active_support/notifications.rb:123:in `block in instrument'
  activesupport (3.2.18) lib/active_support/notifications/instrumenter.rb:20:in `instrument'
  activesupport (3.2.18) lib/active_support/notifications.rb:123:in `instrument'
  actionpack (3.2.18) lib/action_controller/metal/instrumentation.rb:29:in `process_action'
  actionpack (3.2.18) lib/action_controller/metal/params_wrapper.rb:207:in `process_action'
  activerecord (3.2.18) lib/active_record/railties/controller_runtime.rb:18:in `process_action'
  actionpack (3.2.18) lib/abstract_controller/base.rb:121:in `process'
  actionpack (3.2.18) lib/abstract_controller/rendering.rb:45:in `process'
  actionpack (3.2.18) lib/action_controller/metal.rb:203:in `dispatch'
  actionpack (3.2.18) lib/action_controller/metal/rack_delegation.rb:14:in `dispatch'
  actionpack (3.2.18) lib/action_controller/metal.rb:246:in `block in action'
  actionpack (3.2.18) lib/action_dispatch/routing/route_set.rb:73:in `call'
  actionpack (3.2.18) lib/action_dispatch/routing/route_set.rb:73:in `dispatch'
  actionpack (3.2.18) lib/action_dispatch/routing/route_set.rb:36:in `call'
  journey (1.0.4) lib/journey/router.rb:68:in `block in call'
  journey (1.0.4) lib/journey/router.rb:56:in `each'
  journey (1.0.4) lib/journey/router.rb:56:in `call'
  actionpack (3.2.18) lib/action_dispatch/routing/route_set.rb:608:in `call'
  actionpack (3.2.18) lib/action_dispatch/middleware/best_standards_support.rb:17:in `call'
  rack (1.4.5) lib/rack/etag.rb:23:in `call'
  rack (1.4.5) lib/rack/conditionalget.rb:25:in `call'
  actionpack (3.2.18) lib/action_dispatch/middleware/head.rb:14:in `call'
  actionpack (3.2.18) lib/action_dispatch/middleware/params_parser.rb:21:in `call'
  actionpack (3.2.18) lib/action_dispatch/middleware/flash.rb:242:in `call'
  rack (1.4.5) lib/rack/session/abstract/id.rb:210:in `context'
  rack (1.4.5) lib/rack/session/abstract/id.rb:205:in `call'
  actionpack (3.2.18) lib/action_dispatch/middleware/cookies.rb:341:in `call'
  activerecord (3.2.18) lib/active_record/query_cache.rb:64:in `call'
  activerecord (3.2.18) lib/active_record/connection_adapters/abstract/connection_pool.rb:479:in `call'
  actionpack (3.2.18) lib/action_dispatch/middleware/callbacks.rb:28:in `block in call'
  activesupport (3.2.18) lib/active_support/callbacks.rb:405:in `_run__913445818__call__586655006__callbacks'
  activesupport (3.2.18) lib/active_support/callbacks.rb:405:in `__run_callback'
  activesupport (3.2.18) lib/active_support/callbacks.rb:385:in `_run_call_callbacks'
  activesupport (3.2.18) lib/active_support/callbacks.rb:81:in `run_callbacks'
  actionpack (3.2.18) lib/action_dispatch/middleware/callbacks.rb:27:in `call'
  actionpack (3.2.18) lib/action_dispatch/middleware/reloader.rb:65:in `call'
  actionpack (3.2.18) lib/action_dispatch/middleware/remote_ip.rb:31:in `call'
  actionpack (3.2.18) lib/action_dispatch/middleware/debug_exceptions.rb:16:in `call'
  actionpack (3.2.18) lib/action_dispatch/middleware/show_exceptions.rb:56:in `call'
  railties (3.2.18) lib/rails/rack/logger.rb:32:in `call_app'
  railties (3.2.18) lib/rails/rack/logger.rb:16:in `block in call'
  activesupport (3.2.18) lib/active_support/tagged_logging.rb:22:in `tagged'
  railties (3.2.18) lib/rails/rack/logger.rb:16:in `call'
  actionpack (3.2.18) lib/action_dispatch/middleware/request_id.rb:22:in `call'
  rack (1.4.5) lib/rack/methodoverride.rb:21:in `call'
  rack (1.4.5) lib/rack/runtime.rb:17:in `call'
  activesupport (3.2.18) lib/active_support/cache/strategy/local_cache.rb:72:in `call'
  rack (1.4.5) lib/rack/lock.rb:15:in `call'
  actionpack (3.2.18) lib/action_dispatch/middleware/static.rb:63:in `call'
  railties (3.2.18) lib/rails/engine.rb:484:in `call'
  railties (3.2.18) lib/rails/application.rb:231:in `call'
  rack (1.4.5) lib/rack/content_length.rb:14:in `call'
  railties (3.2.18) lib/rails/rack/log_tailer.rb:17:in `call'
  rack (1.4.5) lib/rack/handler/webrick.rb:59:in `service'
  /home/saasbook/.rvm/rubies/ruby-1.9.3-p448/lib/ruby/1.9.1/webrick/httpserver.rb:138:in `service'
  /home/saasbook/.rvm/rubies/ruby-1.9.3-p448/lib/ruby/1.9.1/webrick/httpserver.rb:94:in `run'
  /home/saasbook/.rvm/rubies/ruby-1.9.3-p448/lib/ruby/1.9.1/webrick/server.rb:191:in `block in start_thread'


  Rendered /home/saasbook/.rvm/gems/ruby-1.9.3-p448/gems/actionpack-3.2.18/lib/action_dispatch/middleware/templates/rescues/_trace.erb (1.1ms)
  Rendered /home/saasbook/.rvm/gems/ruby-1.9.3-p448/gems/actionpack-3.2.18/lib/action_dispatch/middleware/templates/rescues/_request_and_response.erb (0.9ms)
  Rendered /home/saasbook/.rvm/gems/ruby-1.9.3-p448/gems/actionpack-3.2.18/lib/action_dispatch/middleware/templates/rescues/template_error.erb within rescues/layout (7.3ms)


Started GET "/movies/21/edit" for 127.0.0.1 at 2014-09-18 15:34:07 -0300
Processing by MoviesController#edit as HTML
  Parameters: {"id"=>"21"}
  [1m[35mMovie Load (0.1ms)[0m  SELECT "movies".* FROM "movies" WHERE "movies"."id" = ? LIMIT 1  [["id", "21"]]
  Rendered movies/edit.html.haml within layouts/application (4.9ms)
Completed 200 OK in 20.3ms (Views: 19.1ms | ActiveRecord: 0.1ms)


Started GET "/assets/application.css?body=1" for 127.0.0.1 at 2014-09-18 15:34:07 -0300
Served asset /application.css - 304 Not Modified (0ms)


Started GET "/assets/jquery.js?body=1" for 127.0.0.1 at 2014-09-18 15:34:07 -0300
Served asset /jquery.js - 304 Not Modified (8ms)


Started GET "/assets/jquery_ujs.js?body=1" for 127.0.0.1 at 2014-09-18 15:34:07 -0300
Served asset /jquery_ujs.js - 304 Not Modified (0ms)


Started GET "/assets/application.js?body=1" for 127.0.0.1 at 2014-09-18 15:34:07 -0300
Served asset /application.js - 304 Not Modified (0ms)


Started PUT "/movies/21" for 127.0.0.1 at 2014-09-18 15:34:17 -0300
Processing by MoviesController#update as HTML
  Parameters: {"utf8"=>"✓", "authenticity_token"=>"GDH7GH5y4jM17jFKHX2ibtfcWYtKPqbOGBtgpfynR2s=", "movie"=>{"title"=>"The Simpsons", "rating"=>"G", "release_date(1i)"=>"2014", "release_date(2i)"=>"9", "release_date(3i)"=>"18", "director"=>"blah"}, "commit"=>"Update Movie Info", "id"=>"21"}
  [1m[36mMovie Load (0.2ms)[0m  [1mSELECT "movies".* FROM "movies" WHERE "movies"."id" = ? LIMIT 1[0m  [["id", "21"]]
  [1m[35m (0.0ms)[0m  begin transaction
  [1m[36m (1.3ms)[0m  [1mUPDATE "movies" SET "director" = 'blah', "updated_at" = '2014-09-18 18:34:17.276436' WHERE "movies"."id" = 21[0m
  [1m[35m (46.2ms)[0m  commit transaction
Redirected to http://localhost:3000/movies/21
Completed 302 Found in 54.2ms (ActiveRecord: 47.7ms)


Started GET "/movies/21" for 127.0.0.1 at 2014-09-18 15:34:17 -0300
Processing by MoviesController#show as HTML
  Parameters: {"id"=>"21"}
  [1m[36mMovie Load (0.1ms)[0m  [1mSELECT "movies".* FROM "movies" WHERE "movies"."id" = ? LIMIT 1[0m  [["id", "21"]]
  Rendered movies/show.html.haml within layouts/application (2.6ms)
Completed 200 OK in 6.4ms (Views: 5.5ms | ActiveRecord: 0.1ms)


Started GET "/assets/application.css?body=1" for 127.0.0.1 at 2014-09-18 15:34:17 -0300
Served asset /application.css - 304 Not Modified (0ms)


Started GET "/assets/jquery.js?body=1" for 127.0.0.1 at 2014-09-18 15:34:17 -0300
Served asset /jquery.js - 304 Not Modified (0ms)


Started GET "/assets/jquery_ujs.js?body=1" for 127.0.0.1 at 2014-09-18 15:34:17 -0300
Served asset /jquery_ujs.js - 304 Not Modified (0ms)


Started GET "/assets/application.js?body=1" for 127.0.0.1 at 2014-09-18 15:34:17 -0300
Served asset /application.js - 304 Not Modified (0ms)


Started GET "/movies" for 127.0.0.1 at 2014-09-18 15:34:23 -0300
Processing by MoviesController#index as HTML
  [1m[35mMovie Load (0.2ms)[0m  SELECT "movies".* FROM "movies" WHERE "movies"."rating" IN ('G', 'PG', 'PG-13', 'NC-17', 'R')
  Rendered movies/index.html.haml within layouts/application (5.6ms)
Completed 200 OK in 11.4ms (Views: 10.0ms | ActiveRecord: 0.2ms)


Started GET "/assets/application.css?body=1" for 127.0.0.1 at 2014-09-18 15:34:23 -0300
Served asset /application.css - 304 Not Modified (0ms)


Started GET "/assets/jquery.js?body=1" for 127.0.0.1 at 2014-09-18 15:34:23 -0300
Served asset /jquery.js - 304 Not Modified (0ms)


Started GET "/assets/jquery_ujs.js?body=1" for 127.0.0.1 at 2014-09-18 15:34:23 -0300
Served asset /jquery_ujs.js - 304 Not Modified (0ms)


Started GET "/assets/application.js?body=1" for 127.0.0.1 at 2014-09-18 15:34:23 -0300
Served asset /application.js - 304 Not Modified (2ms)


Started GET "/movies/21" for 127.0.0.1 at 2014-09-18 15:34:26 -0300
Processing by MoviesController#show as HTML
  Parameters: {"id"=>"21"}
  [1m[36mMovie Load (0.1ms)[0m  [1mSELECT "movies".* FROM "movies" WHERE "movies"."id" = ? LIMIT 1[0m  [["id", "21"]]
  Rendered movies/show.html.haml within layouts/application (1.0ms)
Completed 200 OK in 5.1ms (Views: 4.2ms | ActiveRecord: 0.1ms)


Started GET "/assets/application.css?body=1" for 127.0.0.1 at 2014-09-18 15:34:26 -0300
Served asset /application.css - 304 Not Modified (0ms)


Started GET "/assets/jquery.js?body=1" for 127.0.0.1 at 2014-09-18 15:34:26 -0300
Served asset /jquery.js - 304 Not Modified (0ms)


Started GET "/assets/jquery_ujs.js?body=1" for 127.0.0.1 at 2014-09-18 15:34:26 -0300
Served asset /jquery_ujs.js - 304 Not Modified (0ms)


Started GET "/assets/application.js?body=1" for 127.0.0.1 at 2014-09-18 15:34:26 -0300
Served asset /application.js - 304 Not Modified (0ms)


Started GET "/movies" for 127.0.0.1 at 2014-09-18 15:35:03 -0300
Processing by MoviesController#index as HTML
  [1m[35mMovie Load (0.2ms)[0m  SELECT "movies".* FROM "movies" WHERE "movies"."rating" IN ('G', 'PG', 'PG-13', 'NC-17', 'R')
  Rendered movies/index.html.haml within layouts/application (7.5ms)
Completed 200 OK in 11.9ms (Views: 10.6ms | ActiveRecord: 0.2ms)


Started GET "/assets/application.css?body=1" for 127.0.0.1 at 2014-09-18 15:35:03 -0300
Served asset /application.css - 304 Not Modified (0ms)


Started GET "/assets/jquery.js?body=1" for 127.0.0.1 at 2014-09-18 15:35:03 -0300
Served asset /jquery.js - 304 Not Modified (0ms)


Started GET "/assets/jquery_ujs.js?body=1" for 127.0.0.1 at 2014-09-18 15:35:03 -0300
Served asset /jquery_ujs.js - 304 Not Modified (0ms)


Started GET "/assets/application.js?body=1" for 127.0.0.1 at 2014-09-18 15:35:03 -0300
Served asset /application.js - 304 Not Modified (0ms)


Started GET "/movies/new" for 127.0.0.1 at 2014-09-18 15:35:05 -0300
Processing by MoviesController#new as HTML
  Rendered movies/new.html.haml within layouts/application (4.7ms)
Completed 500 Internal Server Error in 5.9ms

ActionView::Template::Error (can't convert Symbol into String):
    12:   = date_select :movie, :release_date
    13: 
    14:   = label :movie, :director, 'Director'
    15:   = text_field :movie, :director, 'Director'
    16: 
    17:   = submit_tag 'Save Changes'
  app/views/movies/new.html.haml:15:in `block in _app_views_movies_new_html_haml___703426662_96201340'
  app/views/movies/new.html.haml:3:in `_app_views_movies_new_html_haml___703426662_96201340'


  Rendered /home/saasbook/.rvm/gems/ruby-1.9.3-p448/gems/actionpack-3.2.18/lib/action_dispatch/middleware/templates/rescues/_trace.erb (0.9ms)
  Rendered /home/saasbook/.rvm/gems/ruby-1.9.3-p448/gems/actionpack-3.2.18/lib/action_dispatch/middleware/templates/rescues/_request_and_response.erb (0.8ms)
  Rendered /home/saasbook/.rvm/gems/ruby-1.9.3-p448/gems/actionpack-3.2.18/lib/action_dispatch/middleware/templates/rescues/template_error.erb within rescues/layout (29.9ms)


Started GET "/movies/new" for 127.0.0.1 at 2014-09-18 15:35:38 -0300
Processing by MoviesController#new as HTML
  Rendered movies/new.html.haml within layouts/application (2.7ms)
Completed 500 Internal Server Error in 4.1ms

ActionView::Template::Error (can't convert Symbol into String):
    12:   = date_select :movie, :release_date
    13: 
    14:   = label :movie, :director, 'Director'
    15:   = text_field :movie, :director, 'Director'
    16: 
    17:   = submit_tag 'Save Changes'
  app/views/movies/new.html.haml:15:in `block in _app_views_movies_new_html_haml___703426662_96201340'
  app/views/movies/new.html.haml:3:in `_app_views_movies_new_html_haml___703426662_96201340'


  Rendered /home/saasbook/.rvm/gems/ruby-1.9.3-p448/gems/actionpack-3.2.18/lib/action_dispatch/middleware/templates/rescues/_trace.erb (0.8ms)
  Rendered /home/saasbook/.rvm/gems/ruby-1.9.3-p448/gems/actionpack-3.2.18/lib/action_dispatch/middleware/templates/rescues/_request_and_response.erb (0.6ms)
  Rendered /home/saasbook/.rvm/gems/ruby-1.9.3-p448/gems/actionpack-3.2.18/lib/action_dispatch/middleware/templates/rescues/template_error.erb within rescues/layout (6.3ms)


Started GET "/movies/new" for 127.0.0.1 at 2014-09-18 15:36:16 -0300
Processing by MoviesController#new as HTML
  Rendered movies/new.html.haml within layouts/application (9.6ms)
Completed 200 OK in 18.9ms (Views: 18.7ms | ActiveRecord: 0.0ms)


Started GET "/assets/application.css?body=1" for 127.0.0.1 at 2014-09-18 15:36:16 -0300
Served asset /application.css - 304 Not Modified (0ms)


Started GET "/assets/jquery.js?body=1" for 127.0.0.1 at 2014-09-18 15:36:16 -0300
Served asset /jquery.js - 304 Not Modified (0ms)


Started GET "/assets/jquery_ujs.js?body=1" for 127.0.0.1 at 2014-09-18 15:36:16 -0300
Served asset /jquery_ujs.js - 304 Not Modified (0ms)


Started GET "/assets/application.js?body=1" for 127.0.0.1 at 2014-09-18 15:36:16 -0300
Served asset /application.js - 304 Not Modified (0ms)


Started POST "/movies" for 127.0.0.1 at 2014-09-18 15:36:37 -0300
Processing by MoviesController#create as HTML
  Parameters: {"utf8"=>"✓", "authenticity_token"=>"GDH7GH5y4jM17jFKHX2ibtfcWYtKPqbOGBtgpfynR2s=", "movie"=>{"title"=>"unforgetable", "rating"=>"G", "release_date(1i)"=>"2014", "release_date(2i)"=>"9", "release_date(3i)"=>"18", "director"=>"I dont know"}, "commit"=>"Save Changes"}
  [1m[36m (0.1ms)[0m  [1mbegin transaction[0m
  [1m[35mSQL (0.2ms)[0m  INSERT INTO "movies" ("created_at", "description", "director", "rating", "release_date", "title", "updated_at") VALUES (?, ?, ?, ?, ?, ?, ?)  [["created_at", Thu, 18 Sep 2014 18:36:37 UTC +00:00], ["description", nil], ["director", "I dont know"], ["rating", "G"], ["release_date", Thu, 18 Sep 2014 00:00:00 UTC +00:00], ["title", "unforgetable"], ["updated_at", Thu, 18 Sep 2014 18:36:37 UTC +00:00]]
  [1m[36m (23.3ms)[0m  [1mcommit transaction[0m
Redirected to http://localhost:3000/movies
Completed 302 Found in 25.4ms (ActiveRecord: 23.6ms)


Started GET "/movies" for 127.0.0.1 at 2014-09-18 15:36:37 -0300
Processing by MoviesController#index as HTML
  [1m[35mMovie Load (0.3ms)[0m  SELECT "movies".* FROM "movies" WHERE "movies"."rating" IN ('G', 'PG', 'PG-13', 'NC-17', 'R')
  Rendered movies/index.html.haml within layouts/application (7.2ms)
Completed 200 OK in 12.6ms (Views: 10.5ms | ActiveRecord: 0.3ms)


Started GET "/assets/application.css?body=1" for 127.0.0.1 at 2014-09-18 15:36:37 -0300
Served asset /application.css - 304 Not Modified (0ms)


Started GET "/assets/jquery.js?body=1" for 127.0.0.1 at 2014-09-18 15:36:37 -0300
Served asset /jquery.js - 304 Not Modified (0ms)


Started GET "/assets/jquery_ujs.js?body=1" for 127.0.0.1 at 2014-09-18 15:36:37 -0300
Served asset /jquery_ujs.js - 304 Not Modified (0ms)


Started GET "/assets/application.js?body=1" for 127.0.0.1 at 2014-09-18 15:36:37 -0300
Served asset /application.js - 304 Not Modified (2ms)


Started GET "/movies/22" for 127.0.0.1 at 2014-09-18 15:36:41 -0300
Processing by MoviesController#show as HTML
  Parameters: {"id"=>"22"}
  [1m[36mMovie Load (0.1ms)[0m  [1mSELECT "movies".* FROM "movies" WHERE "movies"."id" = ? LIMIT 1[0m  [["id", "22"]]
  Rendered movies/show.html.haml within layouts/application (2.2ms)
Completed 200 OK in 5.7ms (Views: 4.9ms | ActiveRecord: 0.1ms)


Started GET "/assets/application.css?body=1" for 127.0.0.1 at 2014-09-18 15:36:41 -0300
Served asset /application.css - 304 Not Modified (0ms)


Started GET "/assets/jquery.js?body=1" for 127.0.0.1 at 2014-09-18 15:36:41 -0300
Served asset /jquery.js - 304 Not Modified (0ms)


Started GET "/assets/jquery_ujs.js?body=1" for 127.0.0.1 at 2014-09-18 15:36:41 -0300
Served asset /jquery_ujs.js - 304 Not Modified (0ms)


Started GET "/assets/application.js?body=1" for 127.0.0.1 at 2014-09-18 15:36:41 -0300
Served asset /application.js - 304 Not Modified (0ms)


Started GET "/movies/22/edit" for 127.0.0.1 at 2014-09-18 15:36:56 -0300
Processing by MoviesController#edit as HTML
  Parameters: {"id"=>"22"}
  [1m[35mMovie Load (0.1ms)[0m  SELECT "movies".* FROM "movies" WHERE "movies"."id" = ? LIMIT 1  [["id", "22"]]
  Rendered movies/edit.html.haml within layouts/application (5.1ms)
Completed 200 OK in 8.8ms (Views: 8.0ms | ActiveRecord: 0.1ms)


Started GET "/assets/application.css?body=1" for 127.0.0.1 at 2014-09-18 15:36:56 -0300
Served asset /application.css - 304 Not Modified (0ms)


Started GET "/assets/jquery.js?body=1" for 127.0.0.1 at 2014-09-18 15:36:56 -0300
Served asset /jquery.js - 304 Not Modified (0ms)


Started GET "/assets/jquery_ujs.js?body=1" for 127.0.0.1 at 2014-09-18 15:36:56 -0300
Served asset /jquery_ujs.js - 304 Not Modified (0ms)


Started GET "/assets/application.js?body=1" for 127.0.0.1 at 2014-09-18 15:36:56 -0300
Served asset /application.js - 304 Not Modified (0ms)


Started PUT "/movies/22" for 127.0.0.1 at 2014-09-18 15:37:02 -0300
Processing by MoviesController#update as HTML
  Parameters: {"utf8"=>"✓", "authenticity_token"=>"GDH7GH5y4jM17jFKHX2ibtfcWYtKPqbOGBtgpfynR2s=", "movie"=>{"title"=>"Unforgetable", "rating"=>"G", "release_date(1i)"=>"2014", "release_date(2i)"=>"9", "release_date(3i)"=>"18", "director"=>"I dont know"}, "commit"=>"Update Movie Info", "id"=>"22"}
  [1m[36mMovie Load (0.0ms)[0m  [1mSELECT "movies".* FROM "movies" WHERE "movies"."id" = ? LIMIT 1[0m  [["id", "22"]]
  [1m[35m (0.0ms)[0m  begin transaction
  [1m[36m (0.1ms)[0m  [1mUPDATE "movies" SET "title" = 'Unforgetable', "updated_at" = '2014-09-18 18:37:02.062378' WHERE "movies"."id" = 22[0m
  [1m[35m (25.6ms)[0m  commit transaction
Redirected to http://localhost:3000/movies/22
Completed 302 Found in 27.7ms (ActiveRecord: 25.8ms)


Started GET "/movies/22" for 127.0.0.1 at 2014-09-18 15:37:02 -0300
Processing by MoviesController#show as HTML
  Parameters: {"id"=>"22"}
  [1m[36mMovie Load (0.1ms)[0m  [1mSELECT "movies".* FROM "movies" WHERE "movies"."id" = ? LIMIT 1[0m  [["id", "22"]]
  Rendered movies/show.html.haml within layouts/application (0.9ms)
Completed 200 OK in 4.5ms (Views: 3.9ms | ActiveRecord: 0.1ms)


Started GET "/assets/application.css?body=1" for 127.0.0.1 at 2014-09-18 15:37:02 -0300
Served asset /application.css - 304 Not Modified (0ms)


Started GET "/assets/jquery.js?body=1" for 127.0.0.1 at 2014-09-18 15:37:02 -0300
Served asset /jquery.js - 304 Not Modified (0ms)


Started GET "/assets/jquery_ujs.js?body=1" for 127.0.0.1 at 2014-09-18 15:37:02 -0300
Served asset /jquery_ujs.js - 304 Not Modified (0ms)


Started GET "/assets/application.js?body=1" for 127.0.0.1 at 2014-09-18 15:37:02 -0300
Served asset /application.js - 304 Not Modified (2ms)
Connecting to database specified by database.yml
  [1m[36m (1.1ms)[0m  [1mSELECT "schema_migrations"."version" FROM "schema_migrations" [0m
  [1m[35m (0.2ms)[0m  select sqlite_version(*)
  [1m[36m (21.8ms)[0m  [1mCREATE TABLE "movies" ("id" INTEGER PRIMARY KEY AUTOINCREMENT NOT NULL, "title" varchar(255), "rating" varchar(255), "description" text, "release_date" datetime, "created_at" datetime, "updated_at" datetime, "director" varchar(255)) [0m
  [1m[35m (9.6ms)[0m  CREATE TABLE "schema_migrations" ("version" varchar(255) NOT NULL) 
  [1m[36m (10.0ms)[0m  [1mCREATE UNIQUE INDEX "unique_schema_migrations" ON "schema_migrations" ("version")[0m
  [1m[35m (0.0ms)[0m  SELECT version FROM "schema_migrations"
  [1m[36m (10.5ms)[0m  [1mINSERT INTO "schema_migrations" (version) VALUES ('20140918182536')[0m
  [1m[35m (9.4ms)[0m  INSERT INTO "schema_migrations" (version) VALUES ('20111119180638')
Connecting to database specified by database.yml
  [1m[36m (26.0ms)[0m  [1mSELECT "schema_migrations"."version" FROM "schema_migrations" [0m
  [1m[35m (0.2ms)[0m  select sqlite_version(*)
  [1m[36m (667.7ms)[0m  [1mCREATE TABLE "movies" ("id" INTEGER PRIMARY KEY AUTOINCREMENT NOT NULL, "title" varchar(255), "rating" varchar(255), "description" text, "release_date" datetime, "created_at" datetime, "updated_at" datetime, "director" varchar(255)) [0m
  [1m[35m (12.6ms)[0m  CREATE TABLE "schema_migrations" ("version" varchar(255) NOT NULL) 
  [1m[36m (28.6ms)[0m  [1mCREATE UNIQUE INDEX "unique_schema_migrations" ON "schema_migrations" ("version")[0m
  [1m[35m (0.0ms)[0m  SELECT version FROM "schema_migrations"
  [1m[36m (12.9ms)[0m  [1mINSERT INTO "schema_migrations" (version) VALUES ('20140918182536')[0m
  [1m[35m (17.8ms)[0m  INSERT INTO "schema_migrations" (version) VALUES ('20111119180638')
Connecting to database specified by database.yml
  [1m[36m (18.6ms)[0m  [1mSELECT "schema_migrations"."version" FROM "schema_migrations" [0m
  [1m[35m (0.2ms)[0m  select sqlite_version(*)
  [1m[36m (49.9ms)[0m  [1mCREATE TABLE "movies" ("id" INTEGER PRIMARY KEY AUTOINCREMENT NOT NULL, "title" varchar(255), "rating" varchar(255), "description" text, "release_date" datetime, "created_at" datetime, "updated_at" datetime, "director" varchar(255)) [0m
  [1m[35m (10.6ms)[0m  CREATE TABLE "schema_migrations" ("version" varchar(255) NOT NULL) 
  [1m[36m (16.8ms)[0m  [1mCREATE UNIQUE INDEX "unique_schema_migrations" ON "schema_migrations" ("version")[0m
  [1m[35m (0.1ms)[0m  SELECT version FROM "schema_migrations"
  [1m[36m (12.2ms)[0m  [1mINSERT INTO "schema_migrations" (version) VALUES ('20140918182536')[0m
  [1m[35m (11.1ms)[0m  INSERT INTO "schema_migrations" (version) VALUES ('20111119180638')
Connecting to database specified by database.yml
  [1m[36m (18.1ms)[0m  [1mSELECT "schema_migrations"."version" FROM "schema_migrations" [0m
  [1m[35m (0.2ms)[0m  select sqlite_version(*)
  [1m[36m (32.7ms)[0m  [1mCREATE TABLE "movies" ("id" INTEGER PRIMARY KEY AUTOINCREMENT NOT NULL, "title" varchar(255), "rating" varchar(255), "description" text, "release_date" datetime, "created_at" datetime, "updated_at" datetime, "director" varchar(255)) [0m
  [1m[35m (12.7ms)[0m  CREATE TABLE "schema_migrations" ("version" varchar(255) NOT NULL) 
  [1m[36m (14.9ms)[0m  [1mCREATE UNIQUE INDEX "unique_schema_migrations" ON "schema_migrations" ("version")[0m
  [1m[35m (0.1ms)[0m  SELECT version FROM "schema_migrations"
  [1m[36m (13.2ms)[0m  [1mINSERT INTO "schema_migrations" (version) VALUES ('20140918182536')[0m
  [1m[35m (32.9ms)[0m  INSERT INTO "schema_migrations" (version) VALUES ('20111119180638')
Connecting to database specified by database.yml
Connecting to database specified by database.yml
  [1m[36m (18.8ms)[0m  [1mSELECT "schema_migrations"."version" FROM "schema_migrations" [0m
  [1m[35m (0.2ms)[0m  select sqlite_version(*)
  [1m[36m (18.1ms)[0m  [1mCREATE TABLE "movies" ("id" INTEGER PRIMARY KEY AUTOINCREMENT NOT NULL, "title" varchar(255), "rating" varchar(255), "description" text, "release_date" datetime, "created_at" datetime, "updated_at" datetime, "director" varchar(255)) [0m
  [1m[35m (11.2ms)[0m  CREATE TABLE "schema_migrations" ("version" varchar(255) NOT NULL) 
  [1m[36m (29.5ms)[0m  [1mCREATE UNIQUE INDEX "unique_schema_migrations" ON "schema_migrations" ("version")[0m
  [1m[35m (0.1ms)[0m  SELECT version FROM "schema_migrations"
  [1m[36m (10.9ms)[0m  [1mINSERT INTO "schema_migrations" (version) VALUES ('20140918182536')[0m
  [1m[35m (12.2ms)[0m  INSERT INTO "schema_migrations" (version) VALUES ('20111119180638')
Connecting to database specified by database.yml
  [1m[36m (20.6ms)[0m  [1mSELECT "schema_migrations"."version" FROM "schema_migrations" [0m
  [1m[35m (0.2ms)[0m  select sqlite_version(*)
  [1m[36m (49.1ms)[0m  [1mCREATE TABLE "movies" ("id" INTEGER PRIMARY KEY AUTOINCREMENT NOT NULL, "title" varchar(255), "rating" varchar(255), "description" text, "release_date" datetime, "created_at" datetime, "updated_at" datetime, "director" varchar(255)) [0m
  [1m[35m (11.8ms)[0m  CREATE TABLE "schema_migrations" ("version" varchar(255) NOT NULL) 
  [1m[36m (41.0ms)[0m  [1mCREATE UNIQUE INDEX "unique_schema_migrations" ON "schema_migrations" ("version")[0m
  [1m[35m (0.1ms)[0m  SELECT version FROM "schema_migrations"
  [1m[36m (11.1ms)[0m  [1mINSERT INTO "schema_migrations" (version) VALUES ('20140918182536')[0m
  [1m[35m (22.1ms)[0m  INSERT INTO "schema_migrations" (version) VALUES ('20111119180638')
Connecting to database specified by database.yml
  [1m[36m (18.8ms)[0m  [1mSELECT "schema_migrations"."version" FROM "schema_migrations" [0m
  [1m[35m (0.2ms)[0m  select sqlite_version(*)
  [1m[36m (38.7ms)[0m  [1mCREATE TABLE "movies" ("id" INTEGER PRIMARY KEY AUTOINCREMENT NOT NULL, "title" varchar(255), "rating" varchar(255), "description" text, "release_date" datetime, "created_at" datetime, "updated_at" datetime, "director" varchar(255)) [0m
  [1m[35m (9.5ms)[0m  CREATE TABLE "schema_migrations" ("version" varchar(255) NOT NULL) 
  [1m[36m (13.5ms)[0m  [1mCREATE UNIQUE INDEX "unique_schema_migrations" ON "schema_migrations" ("version")[0m
  [1m[35m (0.0ms)[0m  SELECT version FROM "schema_migrations"
  [1m[36m (25.7ms)[0m  [1mINSERT INTO "schema_migrations" (version) VALUES ('20140918182536')[0m
  [1m[35m (9.1ms)[0m  INSERT INTO "schema_migrations" (version) VALUES ('20111119180638')
Connecting to database specified by database.yml
  [1m[36m (21.0ms)[0m  [1mSELECT "schema_migrations"."version" FROM "schema_migrations" [0m
  [1m[35m (0.2ms)[0m  select sqlite_version(*)
  [1m[36m (45.6ms)[0m  [1mCREATE TABLE "movies" ("id" INTEGER PRIMARY KEY AUTOINCREMENT NOT NULL, "title" varchar(255), "rating" varchar(255), "description" text, "release_date" datetime, "created_at" datetime, "updated_at" datetime, "director" varchar(255)) [0m
  [1m[35m (19.1ms)[0m  CREATE TABLE "schema_migrations" ("version" varchar(255) NOT NULL) 
  [1m[36m (11.0ms)[0m  [1mCREATE UNIQUE INDEX "unique_schema_migrations" ON "schema_migrations" ("version")[0m
  [1m[35m (0.0ms)[0m  SELECT version FROM "schema_migrations"
  [1m[36m (23.3ms)[0m  [1mINSERT INTO "schema_migrations" (version) VALUES ('20140918182536')[0m
  [1m[35m (11.4ms)[0m  INSERT INTO "schema_migrations" (version) VALUES ('20111119180638')
Connecting to database specified by database.yml
  [1m[36m (18.6ms)[0m  [1mSELECT "schema_migrations"."version" FROM "schema_migrations" [0m
  [1m[35m (0.2ms)[0m  select sqlite_version(*)
  [1m[36m (48.5ms)[0m  [1mCREATE TABLE "movies" ("id" INTEGER PRIMARY KEY AUTOINCREMENT NOT NULL, "title" varchar(255), "rating" varchar(255), "description" text, "release_date" datetime, "created_at" datetime, "updated_at" datetime, "director" varchar(255)) [0m
  [1m[35m (12.2ms)[0m  CREATE TABLE "schema_migrations" ("version" varchar(255) NOT NULL) 
  [1m[36m (22.3ms)[0m  [1mCREATE UNIQUE INDEX "unique_schema_migrations" ON "schema_migrations" ("version")[0m
  [1m[35m (0.1ms)[0m  SELECT version FROM "schema_migrations"
  [1m[36m (9.8ms)[0m  [1mINSERT INTO "schema_migrations" (version) VALUES ('20140918182536')[0m
  [1m[35m (13.3ms)[0m  INSERT INTO "schema_migrations" (version) VALUES ('20111119180638')
Connecting to database specified by database.yml
  [1m[36m (22.7ms)[0m  [1mSELECT "schema_migrations"."version" FROM "schema_migrations" [0m
  [1m[35m (0.2ms)[0m  select sqlite_version(*)
  [1m[36m (54.7ms)[0m  [1mCREATE TABLE "movies" ("id" INTEGER PRIMARY KEY AUTOINCREMENT NOT NULL, "title" varchar(255), "rating" varchar(255), "description" text, "release_date" datetime, "created_at" datetime, "updated_at" datetime, "director" varchar(255)) [0m
  [1m[35m (10.2ms)[0m  CREATE TABLE "schema_migrations" ("version" varchar(255) NOT NULL) 
  [1m[36m (14.6ms)[0m  [1mCREATE UNIQUE INDEX "unique_schema_migrations" ON "schema_migrations" ("version")[0m
  [1m[35m (0.1ms)[0m  SELECT version FROM "schema_migrations"
  [1m[36m (16.4ms)[0m  [1mINSERT INTO "schema_migrations" (version) VALUES ('20140918182536')[0m
  [1m[35m (10.2ms)[0m  INSERT INTO "schema_migrations" (version) VALUES ('20111119180638')
Connecting to database specified by database.yml
  [1m[36m (17.7ms)[0m  [1mSELECT "schema_migrations"."version" FROM "schema_migrations" [0m
  [1m[35m (0.2ms)[0m  select sqlite_version(*)
  [1m[36m (56.6ms)[0m  [1mCREATE TABLE "movies" ("id" INTEGER PRIMARY KEY AUTOINCREMENT NOT NULL, "title" varchar(255), "rating" varchar(255), "description" text, "release_date" datetime, "created_at" datetime, "updated_at" datetime, "director" varchar(255)) [0m
  [1m[35m (22.1ms)[0m  CREATE TABLE "schema_migrations" ("version" varchar(255) NOT NULL) 
  [1m[36m (14.4ms)[0m  [1mCREATE UNIQUE INDEX "unique_schema_migrations" ON "schema_migrations" ("version")[0m
  [1m[35m (0.0ms)[0m  SELECT version FROM "schema_migrations"
  [1m[36m (30.8ms)[0m  [1mINSERT INTO "schema_migrations" (version) VALUES ('20140918182536')[0m
  [1m[35m (10.7ms)[0m  INSERT INTO "schema_migrations" (version) VALUES ('20111119180638')
Connecting to database specified by database.yml
  [1m[36m (20.3ms)[0m  [1mSELECT "schema_migrations"."version" FROM "schema_migrations" [0m
  [1m[35m (0.2ms)[0m  select sqlite_version(*)
  [1m[36m (37.4ms)[0m  [1mCREATE TABLE "movies" ("id" INTEGER PRIMARY KEY AUTOINCREMENT NOT NULL, "title" varchar(255), "rating" varchar(255), "description" text, "release_date" datetime, "created_at" datetime, "updated_at" datetime, "director" varchar(255)) [0m
  [1m[35m (32.3ms)[0m  CREATE TABLE "schema_migrations" ("version" varchar(255) NOT NULL) 
  [1m[36m (23.3ms)[0m  [1mCREATE UNIQUE INDEX "unique_schema_migrations" ON "schema_migrations" ("version")[0m
  [1m[35m (0.1ms)[0m  SELECT version FROM "schema_migrations"
  [1m[36m (11.9ms)[0m  [1mINSERT INTO "schema_migrations" (version) VALUES ('20140918182536')[0m
  [1m[35m (14.2ms)[0m  INSERT INTO "schema_migrations" (version) VALUES ('20111119180638')
Connecting to database specified by database.yml
  [1m[36m (19.3ms)[0m  [1mSELECT "schema_migrations"."version" FROM "schema_migrations" [0m
  [1m[35m (0.2ms)[0m  select sqlite_version(*)
  [1m[36m (38.7ms)[0m  [1mCREATE TABLE "movies" ("id" INTEGER PRIMARY KEY AUTOINCREMENT NOT NULL, "title" varchar(255), "rating" varchar(255), "description" text, "release_date" datetime, "created_at" datetime, "updated_at" datetime, "director" varchar(255)) [0m
  [1m[35m (11.4ms)[0m  CREATE TABLE "schema_migrations" ("version" varchar(255) NOT NULL) 
  [1m[36m (10.7ms)[0m  [1mCREATE UNIQUE INDEX "unique_schema_migrations" ON "schema_migrations" ("version")[0m
  [1m[35m (0.0ms)[0m  SELECT version FROM "schema_migrations"
  [1m[36m (14.9ms)[0m  [1mINSERT INTO "schema_migrations" (version) VALUES ('20140918182536')[0m
  [1m[35m (11.4ms)[0m  INSERT INTO "schema_migrations" (version) VALUES ('20111119180638')
Connecting to database specified by database.yml
  [1m[36m (24.1ms)[0m  [1mSELECT "schema_migrations"."version" FROM "schema_migrations" [0m
  [1m[35m (0.2ms)[0m  select sqlite_version(*)
  [1m[36m (62.2ms)[0m  [1mCREATE TABLE "movies" ("id" INTEGER PRIMARY KEY AUTOINCREMENT NOT NULL, "title" varchar(255), "rating" varchar(255), "description" text, "release_date" datetime, "created_at" datetime, "updated_at" datetime, "director" varchar(255)) [0m
  [1m[35m (10.3ms)[0m  CREATE TABLE "schema_migrations" ("version" varchar(255) NOT NULL) 
  [1m[36m (20.5ms)[0m  [1mCREATE UNIQUE INDEX "unique_schema_migrations" ON "schema_migrations" ("version")[0m
  [1m[35m (0.0ms)[0m  SELECT version FROM "schema_migrations"
  [1m[36m (21.2ms)[0m  [1mINSERT INTO "schema_migrations" (version) VALUES ('20140918182536')[0m
  [1m[35m (11.6ms)[0m  INSERT INTO "schema_migrations" (version) VALUES ('20111119180638')
Connecting to database specified by database.yml
  [1m[36m (19.1ms)[0m  [1mSELECT "schema_migrations"."version" FROM "schema_migrations" [0m
  [1m[35m (0.2ms)[0m  select sqlite_version(*)
  [1m[36m (36.3ms)[0m  [1mCREATE TABLE "movies" ("id" INTEGER PRIMARY KEY AUTOINCREMENT NOT NULL, "title" varchar(255), "rating" varchar(255), "description" text, "release_date" datetime, "created_at" datetime, "updated_at" datetime, "director" varchar(255)) [0m
  [1m[35m (34.8ms)[0m  CREATE TABLE "schema_migrations" ("version" varchar(255) NOT NULL) 
  [1m[36m (14.8ms)[0m  [1mCREATE UNIQUE INDEX "unique_schema_migrations" ON "schema_migrations" ("version")[0m
  [1m[35m (0.1ms)[0m  SELECT version FROM "schema_migrations"
  [1m[36m (10.2ms)[0m  [1mINSERT INTO "schema_migrations" (version) VALUES ('20140918182536')[0m
  [1m[35m (23.1ms)[0m  INSERT INTO "schema_migrations" (version) VALUES ('20111119180638')
Connecting to database specified by database.yml
  [1m[36m (20.1ms)[0m  [1mSELECT "schema_migrations"."version" FROM "schema_migrations" [0m
  [1m[35m (0.2ms)[0m  select sqlite_version(*)
  [1m[36m (31.1ms)[0m  [1mCREATE TABLE "movies" ("id" INTEGER PRIMARY KEY AUTOINCREMENT NOT NULL, "title" varchar(255), "rating" varchar(255), "description" text, "release_date" datetime, "created_at" datetime, "updated_at" datetime, "director" varchar(255)) [0m
  [1m[35m (16.3ms)[0m  CREATE TABLE "schema_migrations" ("version" varchar(255) NOT NULL) 
  [1m[36m (15.1ms)[0m  [1mCREATE UNIQUE INDEX "unique_schema_migrations" ON "schema_migrations" ("version")[0m
  [1m[35m (0.0ms)[0m  SELECT version FROM "schema_migrations"
  [1m[36m (10.3ms)[0m  [1mINSERT INTO "schema_migrations" (version) VALUES ('20140918182536')[0m
  [1m[35m (12.5ms)[0m  INSERT INTO "schema_migrations" (version) VALUES ('20111119180638')
Connecting to database specified by database.yml
  [1m[36m (19.9ms)[0m  [1mSELECT "schema_migrations"."version" FROM "schema_migrations" [0m
  [1m[35m (0.2ms)[0m  select sqlite_version(*)
  [1m[36m (30.3ms)[0m  [1mCREATE TABLE "movies" ("id" INTEGER PRIMARY KEY AUTOINCREMENT NOT NULL, "title" varchar(255), "rating" varchar(255), "description" text, "release_date" datetime, "created_at" datetime, "updated_at" datetime, "director" varchar(255)) [0m
  [1m[35m (10.8ms)[0m  CREATE TABLE "schema_migrations" ("version" varchar(255) NOT NULL) 
  [1m[36m (36.6ms)[0m  [1mCREATE UNIQUE INDEX "unique_schema_migrations" ON "schema_migrations" ("version")[0m
  [1m[35m (0.1ms)[0m  SELECT version FROM "schema_migrations"
  [1m[36m (12.0ms)[0m  [1mINSERT INTO "schema_migrations" (version) VALUES ('20140918182536')[0m
  [1m[35m (11.1ms)[0m  INSERT INTO "schema_migrations" (version) VALUES ('20111119180638')
Connecting to database specified by database.yml
  [1m[36m (19.0ms)[0m  [1mSELECT "schema_migrations"."version" FROM "schema_migrations" [0m
  [1m[35m (0.2ms)[0m  select sqlite_version(*)
  [1m[36m (53.6ms)[0m  [1mCREATE TABLE "movies" ("id" INTEGER PRIMARY KEY AUTOINCREMENT NOT NULL, "title" varchar(255), "rating" varchar(255), "description" text, "release_date" datetime, "created_at" datetime, "updated_at" datetime, "director" varchar(255)) [0m
  [1m[35m (11.1ms)[0m  CREATE TABLE "schema_migrations" ("version" varchar(255) NOT NULL) 
  [1m[36m (22.3ms)[0m  [1mCREATE UNIQUE INDEX "unique_schema_migrations" ON "schema_migrations" ("version")[0m
  [1m[35m (0.0ms)[0m  SELECT version FROM "schema_migrations"
  [1m[36m (10.9ms)[0m  [1mINSERT INTO "schema_migrations" (version) VALUES ('20140918182536')[0m
  [1m[35m (19.0ms)[0m  INSERT INTO "schema_migrations" (version) VALUES ('20111119180638')
